<?xml version="1.0" encoding="UTF-8"?>
<testng-results skipped="0" failed="1" ignored="0" total="3" passed="2">
  <reporter-output>
  </reporter-output>
  <suite name="Suite" duration-ms="137100" started-at="2021-01-08T14:54:25Z" finished-at="2021-01-08T14:56:42Z">
    <groups>
      <group name="TC001_CostcoSearchItem.searchItemTest">
        <method signature="TC001_CostcoSearchItem.searchItemTest()[pri:0, instance:com.CostcoTest.testCases.TC001_CostcoSearchItem@1c7df28]" name="searchItemTest" class="com.CostcoTest.testCases.TC001_CostcoSearchItem"/>
      </group> <!-- TC001_CostcoSearchItem.searchItemTest -->
    </groups>
    <test name="Test" duration-ms="137100" started-at="2021-01-08T14:54:25Z" finished-at="2021-01-08T14:56:42Z">
      <class name="com.CostcoTest.testCases.TC001_CostcoSearchItem">
        <test-method status="PASS" signature="setup(java.lang.String)[pri:0, instance:com.CostcoTest.testCases.TC001_CostcoSearchItem@1c7df28]" name="setup" is-config="true" duration-ms="8006" started-at="2021-01-08T14:54:25Z" finished-at="2021-01-08T14:54:33Z">
          <params>
            <param index="0">
              <value>
                <![CDATA[chrome]]>
              </value>
            </param>
          </params>
          <reporter-output>
          </reporter-output>
        </test-method> <!-- setup -->
        <test-method status="PASS" signature="searchItemTest()[pri:0, instance:com.CostcoTest.testCases.TC001_CostcoSearchItem@1c7df28]" name="searchItemTest" duration-ms="35875" started-at="2021-01-08T14:54:33Z" finished-at="2021-01-08T14:55:09Z">
          <reporter-output>
          </reporter-output>
        </test-method> <!-- searchItemTest -->
        <test-method status="PASS" signature="tearDown()[pri:0, instance:com.CostcoTest.testCases.TC001_CostcoSearchItem@1c7df28]" name="tearDown" is-config="true" duration-ms="685" started-at="2021-01-08T14:55:09Z" finished-at="2021-01-08T14:55:09Z">
          <reporter-output>
          </reporter-output>
        </test-method> <!-- tearDown -->
      </class> <!-- com.CostcoTest.testCases.TC001_CostcoSearchItem -->
      <class name="com.CostcoTest.testCases.TC002_CostcoItemInStockTest">
        <test-method status="PASS" signature="setup(java.lang.String)[pri:0, instance:com.CostcoTest.testCases.TC002_CostcoItemInStockTest@f842ca]" name="setup" is-config="true" duration-ms="5331" started-at="2021-01-08T14:55:09Z" finished-at="2021-01-08T14:55:15Z">
          <params>
            <param index="0">
              <value>
                <![CDATA[chrome]]>
              </value>
            </param>
          </params>
          <reporter-output>
          </reporter-output>
        </test-method> <!-- setup -->
        <test-method status="PASS" signature="setupSearchPage()[pri:0, instance:com.CostcoTest.testCases.TC002_CostcoItemInStockTest@f842ca]" name="setupSearchPage" is-config="true" duration-ms="15368" started-at="2021-01-08T14:55:15Z" finished-at="2021-01-08T14:55:30Z">
          <reporter-output>
          </reporter-output>
        </test-method> <!-- setupSearchPage -->
        <test-method status="PASS" signature="itemPX760InStockTest()[pri:0, instance:com.CostcoTest.testCases.TC002_CostcoItemInStockTest@f842ca]" name="itemPX760InStockTest" duration-ms="38416" depends-on-groups="TC001_CostcoSearchItem.searchItemTest" started-at="2021-01-08T14:55:30Z" finished-at="2021-01-08T14:56:08Z">
          <reporter-output>
          </reporter-output>
        </test-method> <!-- itemPX760InStockTest -->
        <test-method status="PASS" signature="setupSearchPage()[pri:0, instance:com.CostcoTest.testCases.TC002_CostcoItemInStockTest@f842ca]" name="setupSearchPage" is-config="true" duration-ms="10817" started-at="2021-01-08T14:56:08Z" finished-at="2021-01-08T14:56:19Z">
          <reporter-output>
          </reporter-output>
        </test-method> <!-- setupSearchPage -->
        <test-method status="FAIL" signature="itemPX780InStockTest()[pri:0, instance:com.CostcoTest.testCases.TC002_CostcoItemInStockTest@f842ca]" name="itemPX780InStockTest" duration-ms="21777" depends-on-groups="TC001_CostcoSearchItem.searchItemTest" started-at="2021-01-08T14:56:19Z" finished-at="2021-01-08T14:56:41Z">
          <exception class="java.lang.AssertionError">
            <message>
              <![CDATA[PX-780 not found : Item Out of Stock expected [false] but found [true]]]>
            </message>
            <full-stacktrace>
              <![CDATA[java.lang.AssertionError: PX-780 not found : Item Out of Stock expected [false] but found [true]
at org.testng.Assert.fail(Assert.java:96)
at org.testng.Assert.failNotEquals(Assert.java:776)
at org.testng.Assert.assertFalse(Assert.java:65)
at com.CostcoTest.testCases.TC002_CostcoItemInStockTest.itemPX780InStockTest(TC002_CostcoItemInStockTest.java:98)
at sun.reflect.NativeMethodAccessorImpl.invoke0(Native Method)
at sun.reflect.NativeMethodAccessorImpl.invoke(NativeMethodAccessorImpl.java:62)
at sun.reflect.DelegatingMethodAccessorImpl.invoke(DelegatingMethodAccessorImpl.java:43)
at java.lang.reflect.Method.invoke(Method.java:498)
at org.testng.internal.MethodInvocationHelper.invokeMethod(MethodInvocationHelper.java:124)
at org.testng.internal.Invoker.invokeMethod(Invoker.java:583)
at org.testng.internal.Invoker.invokeTestMethod(Invoker.java:719)
at org.testng.internal.Invoker.invokeTestMethods(Invoker.java:989)
at org.testng.internal.TestMethodWorker.invokeTestMethods(TestMethodWorker.java:125)
at org.testng.internal.TestMethodWorker.run(TestMethodWorker.java:109)
at org.testng.TestRunner.privateRun(TestRunner.java:648)
at org.testng.TestRunner.run(TestRunner.java:505)
at org.testng.SuiteRunner.runTest(SuiteRunner.java:455)
at org.testng.SuiteRunner.runSequentially(SuiteRunner.java:450)
at org.testng.SuiteRunner.privateRun(SuiteRunner.java:415)
at org.testng.SuiteRunner.run(SuiteRunner.java:364)
at org.testng.SuiteRunnerWorker.runSuite(SuiteRunnerWorker.java:52)
at org.testng.SuiteRunnerWorker.run(SuiteRunnerWorker.java:84)
at org.testng.TestNG.runSuitesSequentially(TestNG.java:1208)
at org.testng.TestNG.runSuitesLocally(TestNG.java:1137)
at org.testng.TestNG.runSuites(TestNG.java:1049)
at org.testng.TestNG.run(TestNG.java:1017)
at org.apache.maven.surefire.testng.TestNGExecutor.run(TestNGExecutor.java:284)
at org.apache.maven.surefire.testng.TestNGXmlTestSuite.execute(TestNGXmlTestSuite.java:75)
at org.apache.maven.surefire.testng.TestNGProvider.invoke(TestNGProvider.java:119)
at org.apache.maven.surefire.booter.ForkedBooter.runSuitesInProcess(ForkedBooter.java:428)
at org.apache.maven.surefire.booter.ForkedBooter.execute(ForkedBooter.java:162)
at org.apache.maven.surefire.booter.ForkedBooter.run(ForkedBooter.java:562)
at org.apache.maven.surefire.booter.ForkedBooter.main(ForkedBooter.java:548)
]]>
            </full-stacktrace>
          </exception> <!-- java.lang.AssertionError -->
          <reporter-output>
          </reporter-output>
        </test-method> <!-- itemPX780InStockTest -->
        <test-method status="PASS" signature="tearDown()[pri:0, instance:com.CostcoTest.testCases.TC002_CostcoItemInStockTest@f842ca]" name="tearDown" is-config="true" duration-ms="669" started-at="2021-01-08T14:56:41Z" finished-at="2021-01-08T14:56:42Z">
          <reporter-output>
          </reporter-output>
        </test-method> <!-- tearDown -->
      </class> <!-- com.CostcoTest.testCases.TC002_CostcoItemInStockTest -->
    </test> <!-- Test -->
  </suite> <!-- Suite -->
</testng-results>
