<?xml version="1.0" encoding="UTF-8"?>
<testng-results skipped="0" failed="1" ignored="0" total="3" passed="2">
  <reporter-output>
  </reporter-output>
  <suite name="Suite" duration-ms="138361" started-at="2021-01-07T19:41:28Z" finished-at="2021-01-07T19:43:46Z">
    <groups>
      <group name="TC001_CostcoSearchItem.searchItemTest">
        <method signature="TC001_CostcoSearchItem.searchItemTest()[pri:0, instance:com.CostcoTest.testCases.TC001_CostcoSearchItem@24144a]" name="searchItemTest" class="com.CostcoTest.testCases.TC001_CostcoSearchItem"/>
      </group> <!-- TC001_CostcoSearchItem.searchItemTest -->
    </groups>
    <test name="Test" duration-ms="138361" started-at="2021-01-07T19:41:28Z" finished-at="2021-01-07T19:43:46Z">
      <class name="com.CostcoTest.testCases.TC001_CostcoSearchItem">
        <test-method status="PASS" signature="setup(java.lang.String)[pri:0, instance:com.CostcoTest.testCases.TC001_CostcoSearchItem@24144a]" name="setup" is-config="true" duration-ms="6539" started-at="2021-01-07T19:41:28Z" finished-at="2021-01-07T19:41:34Z">
          <params>
            <param index="0">
              <value>
                <![CDATA[chrome]]>
              </value>
            </param>
          </params>
          <reporter-output>
          </reporter-output>
        </test-method> <!-- setup -->
        <test-method status="PASS" signature="searchItemTest()[pri:0, instance:com.CostcoTest.testCases.TC001_CostcoSearchItem@24144a]" name="searchItemTest" duration-ms="35434" started-at="2021-01-07T19:41:34Z" finished-at="2021-01-07T19:42:10Z">
          <reporter-output>
          </reporter-output>
        </test-method> <!-- searchItemTest -->
        <test-method status="PASS" signature="tearDown()[pri:0, instance:com.CostcoTest.testCases.TC001_CostcoSearchItem@24144a]" name="tearDown" is-config="true" duration-ms="1101" started-at="2021-01-07T19:42:10Z" finished-at="2021-01-07T19:42:11Z">
          <reporter-output>
          </reporter-output>
        </test-method> <!-- tearDown -->
      </class> <!-- com.CostcoTest.testCases.TC001_CostcoSearchItem -->
      <class name="com.CostcoTest.testCases.TC002_CostcoItemInStockTest">
        <test-method status="PASS" signature="setup(java.lang.String)[pri:0, instance:com.CostcoTest.testCases.TC002_CostcoItemInStockTest@1f7cefd]" name="setup" is-config="true" duration-ms="5322" started-at="2021-01-07T19:42:11Z" finished-at="2021-01-07T19:42:16Z">
          <params>
            <param index="0">
              <value>
                <![CDATA[chrome]]>
              </value>
            </param>
          </params>
          <reporter-output>
          </reporter-output>
        </test-method> <!-- setup -->
        <test-method status="PASS" signature="setupSearchPage()[pri:0, instance:com.CostcoTest.testCases.TC002_CostcoItemInStockTest@1f7cefd]" name="setupSearchPage" is-config="true" duration-ms="13166" started-at="2021-01-07T19:42:16Z" finished-at="2021-01-07T19:42:29Z">
          <reporter-output>
          </reporter-output>
        </test-method> <!-- setupSearchPage -->
        <test-method status="PASS" signature="itemPX760InStockTest()[pri:0, instance:com.CostcoTest.testCases.TC002_CostcoItemInStockTest@1f7cefd]" name="itemPX760InStockTest" duration-ms="39896" depends-on-groups="TC001_CostcoSearchItem.searchItemTest" started-at="2021-01-07T19:42:29Z" finished-at="2021-01-07T19:43:09Z">
          <reporter-output>
          </reporter-output>
        </test-method> <!-- itemPX760InStockTest -->
        <test-method status="PASS" signature="setupSearchPage()[pri:0, instance:com.CostcoTest.testCases.TC002_CostcoItemInStockTest@1f7cefd]" name="setupSearchPage" is-config="true" duration-ms="11716" started-at="2021-01-07T19:43:09Z" finished-at="2021-01-07T19:43:21Z">
          <reporter-output>
          </reporter-output>
        </test-method> <!-- setupSearchPage -->
        <test-method status="FAIL" signature="itemPX780InStockTest()[pri:0, instance:com.CostcoTest.testCases.TC002_CostcoItemInStockTest@1f7cefd]" name="itemPX780InStockTest" duration-ms="24322" depends-on-groups="TC001_CostcoSearchItem.searchItemTest" started-at="2021-01-07T19:43:21Z" finished-at="2021-01-07T19:43:45Z">
          <exception class="java.lang.AssertionError">
            <message>
              <![CDATA[PX-780 not found : Item Out of Stock expected [false] but found [true]]]>
            </message>
            <full-stacktrace>
              <![CDATA[java.lang.AssertionError: PX-780 not found : Item Out of Stock expected [false] but found [true]
at org.testng.Assert.fail(Assert.java:96)
at org.testng.Assert.failNotEquals(Assert.java:776)
at org.testng.Assert.assertFalse(Assert.java:65)
at com.CostcoTest.testCases.TC002_CostcoItemInStockTest.itemPX780InStockTest(TC002_CostcoItemInStockTest.java:98)
at sun.reflect.NativeMethodAccessorImpl.invoke0(Native Method)
at sun.reflect.NativeMethodAccessorImpl.invoke(Unknown Source)
at sun.reflect.DelegatingMethodAccessorImpl.invoke(Unknown Source)
at java.lang.reflect.Method.invoke(Unknown Source)
at org.testng.internal.MethodInvocationHelper.invokeMethod(MethodInvocationHelper.java:124)
at org.testng.internal.Invoker.invokeMethod(Invoker.java:583)
at org.testng.internal.Invoker.invokeTestMethod(Invoker.java:719)
at org.testng.internal.Invoker.invokeTestMethods(Invoker.java:989)
at org.testng.internal.TestMethodWorker.invokeTestMethods(TestMethodWorker.java:125)
at org.testng.internal.TestMethodWorker.run(TestMethodWorker.java:109)
at org.testng.TestRunner.privateRun(TestRunner.java:648)
at org.testng.TestRunner.run(TestRunner.java:505)
at org.testng.SuiteRunner.runTest(SuiteRunner.java:455)
at org.testng.SuiteRunner.runSequentially(SuiteRunner.java:450)
at org.testng.SuiteRunner.privateRun(SuiteRunner.java:415)
at org.testng.SuiteRunner.run(SuiteRunner.java:364)
at org.testng.SuiteRunnerWorker.runSuite(SuiteRunnerWorker.java:52)
at org.testng.SuiteRunnerWorker.run(SuiteRunnerWorker.java:84)
at org.testng.TestNG.runSuitesSequentially(TestNG.java:1208)
at org.testng.TestNG.runSuitesLocally(TestNG.java:1137)
at org.testng.TestNG.runSuites(TestNG.java:1049)
at org.testng.TestNG.run(TestNG.java:1017)
at org.testng.remote.AbstractRemoteTestNG.run(AbstractRemoteTestNG.java:115)
at org.testng.remote.RemoteTestNG.initAndRun(RemoteTestNG.java:251)
at org.testng.remote.RemoteTestNG.main(RemoteTestNG.java:77)
]]>
            </full-stacktrace>
          </exception> <!-- java.lang.AssertionError -->
          <reporter-output>
          </reporter-output>
        </test-method> <!-- itemPX780InStockTest -->
        <test-method status="PASS" signature="tearDown()[pri:0, instance:com.CostcoTest.testCases.TC002_CostcoItemInStockTest@1f7cefd]" name="tearDown" is-config="true" duration-ms="740" started-at="2021-01-07T19:43:45Z" finished-at="2021-01-07T19:43:46Z">
          <reporter-output>
          </reporter-output>
        </test-method> <!-- tearDown -->
      </class> <!-- com.CostcoTest.testCases.TC002_CostcoItemInStockTest -->
    </test> <!-- Test -->
  </suite> <!-- Suite -->
</testng-results>
